<?xml version="1.0" encoding="UTF-8"?>
<!-- Generated by org.testng.reporters.JUnitReportReporter -->
<testsuite hostname="GA1-1027170LT" failures="0" tests="1" name="testCases.LoginTest" time="19.888" errors="0" timestamp="2022-03-16T13:48:08 EDT" skipped="0">
  <testcase classname="testCases.LoginTest" name="ExternalDataTest" time="19.888"/>
  <system-out/>
</testsuite> <!-- testCases.LoginTest -->
