<?xml version="1.0" encoding="UTF-8"?>
<!-- Generated by org.testng.reporters.JUnitReportReporter -->
<testsuite hostname="GA1-1027170LT" failures="0" tests="4" name="testCases.LoginTest" time="50.093" errors="0" timestamp="2022-03-17T10:03:40 EDT" skipped="0">
  <testcase classname="testCases.LoginTest" name="ParameterizedTest" time="7.899"/>
  <system-out/>
  <testcase classname="testCases.LoginTest" name="ExternalDataTest" time="16.535"/>
  <system-out/>
  <testcase classname="testCases.LoginTest" name="LoginSuccessTest" time="15.799"/>
  <system-out/>
  <testcase classname="testCases.LoginTest" name="LoginFailureTest" time="9.860"/>
  <system-out/>
</testsuite> <!-- testCases.LoginTest -->
