<?xml version="1.0" encoding="UTF-8"?>
<!-- Generated by org.testng.reporters.JUnitReportReporter -->
<testsuite hostname="GA1-1027170LT" failures="0" tests="1" name="testCases.HomeTest" time="4.572" errors="0" timestamp="2022-03-15T11:39:10 EDT" skipped="0">
  <testcase classname="testCases.HomeTest" name="Test1" time="4.572"/>
  <system-out/>
</testsuite> <!-- testCases.HomeTest -->
