<?xml version="1.0" encoding="UTF-8"?>
<!-- Generated by org.testng.reporters.JUnitReportReporter -->
<testsuite hostname="GA1-1027170LT" failures="0" tests="4" name="testCases.LoginTest" time="71.549" errors="0" timestamp="2022-03-17T15:08:52 EDT" skipped="0">
  <testcase classname="testCases.LoginTest" name="ExternalDataTest" time="34.352"/>
  <system-out/>
  <testcase classname="testCases.LoginTest" name="LoginSuccessTest" time="12.552"/>
  <system-out/>
  <testcase classname="testCases.LoginTest" name="LoginFailureTest" time="15.742"/>
  <system-out/>
  <testcase classname="testCases.LoginTest" name="ParameterizedTest" time="8.903"/>
  <system-out/>
</testsuite> <!-- testCases.LoginTest -->
